<?xml version="1.0" encoding="UTF-8"?>
<!-- Generated by org.testng.reporters.JUnitReportReporter -->
<testsuite hostname="Anup" name="qaDemo.MenuValidate" tests="1" failures="0" timestamp="1 Jun 2020 07:58:31 GMT" time="0.535" errors="0">
  <testcase name="NavigateToHome" time="0.535" classname="qaDemo.MenuValidate"/>
</testsuite> <!-- qaDemo.MenuValidate -->
