<?xml version="1.0" encoding="UTF-8"?>
<!-- Generated by org.testng.reporters.JUnitReportReporter -->
<testsuite hostname="Anup" name="qaDemo.NavigateHome" tests="2" failures="0" timestamp="1 Jun 2020 11:19:12 GMT" time="54.834" errors="0">
  <testcase name="NavigateToHome" time="26.374" classname="qaDemo.NavigateHome"/>
  <testcase name="NavigateToHome" time="28.460" classname="qaDemo.NavigateHome"/>
</testsuite> <!-- qaDemo.NavigateHome -->
