<?xml version="1.0" encoding="UTF-8"?>
<!-- Generated by org.testng.reporters.JUnitReportReporter -->
<testsuite hostname="Anup" name="qaDemo.NavigateHome" tests="2" failures="0" timestamp="1 Jun 2020 11:22:02 GMT" time="52.164" errors="0">
  <testcase name="NavigateToHome" time="19.237" classname="qaDemo.NavigateHome"/>
  <testcase name="NavigateToHome" time="32.927" classname="qaDemo.NavigateHome"/>
</testsuite> <!-- qaDemo.NavigateHome -->
