<?xml version="1.0" encoding="UTF-8"?>
<!-- Generated by org.testng.reporters.JUnitReportReporter -->
<testsuite hostname="Anup" name="qaDemo.Asserting" tests="1" failures="0" timestamp="1 Jun 2020 11:22:02 GMT" time="0.140" errors="0">
  <testcase name="NavigateToHome" time="0.140" classname="qaDemo.Asserting"/>
</testsuite> <!-- qaDemo.Asserting -->
